<?xml version="1.0" encoding="UTF-8"?>
<!-- Generated by org.testng.reporters.JUnitReportReporter -->
<testsuite hostname="DESKTOP-GFKKN7N" failures="0" tests="24" name="com.easyserv.testcases.Motoserve.SignUpTest" time="118.105" errors="0" timestamp="2024-12-18T09:38:29 ICT" skipped="0">
  <testcase classname="com.easyserv.testcases.Motoserve.SignUpTest" name="SignUpTest_TC001" time="4.100"/>
  <system-out/>
  <testcase classname="com.easyserv.testcases.Motoserve.SignUpTest" name="SignUpTest_TC002" time="3.089"/>
  <system-out/>
  <testcase classname="com.easyserv.testcases.Motoserve.SignUpTest" name="SignUpTest_TC003" time="2.870"/>
  <system-out/>
  <testcase classname="com.easyserv.testcases.Motoserve.SignUpTest" name="SignUpTest_TC004" time="3.317"/>
  <system-out/>
  <testcase classname="com.easyserv.testcases.Motoserve.SignUpTest" name="SignUpTest_TC005" time="2.846"/>
  <system-out/>
  <testcase classname="com.easyserv.testcases.Motoserve.SignUpTest" name="SignUpTest_TC006" time="2.441"/>
  <system-out/>
  <testcase classname="com.easyserv.testcases.Motoserve.SignUpTest" name="SignUpTest_TC007" time="3.432"/>
  <system-out/>
  <testcase classname="com.easyserv.testcases.Motoserve.SignUpTest" name="SignUpTest_TC008" time="6.859"/>
  <system-out/>
  <testcase classname="com.easyserv.testcases.Motoserve.SignUpTest" name="SignUpTest_TC009" time="5.687"/>
  <system-out/>
  <testcase classname="com.easyserv.testcases.Motoserve.SignUpTest" name="SignUpTest_TC010" time="6.270"/>
  <system-out/>
  <testcase classname="com.easyserv.testcases.Motoserve.SignUpTest" name="SignUpTest_TC011" time="7.313"/>
  <system-out/>
  <testcase classname="com.easyserv.testcases.Motoserve.SignUpTest" name="SignUpTest_TC012" time="3.529"/>
  <system-out/>
  <testcase classname="com.easyserv.testcases.Motoserve.SignUpTest" name="SignUpTest_TC013" time="6.075"/>
  <system-out/>
  <testcase classname="com.easyserv.testcases.Motoserve.SignUpTest" name="SignUpTest_TC014" time="7.973"/>
  <system-out/>
  <testcase classname="com.easyserv.testcases.Motoserve.SignUpTest" name="SignUpTest_TC015" time="6.729"/>
  <system-out/>
  <testcase classname="com.easyserv.testcases.Motoserve.SignUpTest" name="SignUpTest_TC016" time="6.938"/>
  <system-out/>
  <testcase classname="com.easyserv.testcases.Motoserve.SignUpTest" name="SignUpTest_TC017" time="5.071"/>
  <system-out/>
  <testcase classname="com.easyserv.testcases.Motoserve.SignUpTest" name="SignUpTest_TC018" time="4.896"/>
  <system-out/>
  <testcase classname="com.easyserv.testcases.Motoserve.SignUpTest" name="SignUpTest_TC019" time="5.327"/>
  <system-out/>
  <testcase classname="com.easyserv.testcases.Motoserve.SignUpTest" name="SignUpTest_TC019" time="4.330"/>
  <system-out/>
  <testcase classname="com.easyserv.testcases.Motoserve.SignUpTest" name="SignUpTest_TC019" time="4.817"/>
  <system-out/>
  <testcase classname="com.easyserv.testcases.Motoserve.SignUpTest" name="SignUpTest_TC019" time="5.098"/>
  <system-out/>
  <testcase classname="com.easyserv.testcases.Motoserve.SignUpTest" name="SignUpTest_TC019" time="4.888"/>
  <system-out/>
  <testcase classname="com.easyserv.testcases.Motoserve.SignUpTest" name="SignUpTest_TC019" time="4.210"/>
  <system-out/>
</testsuite> <!-- com.easyserv.testcases.Motoserve.SignUpTest -->
