<?xml version="1.0" encoding="UTF-8"?>
<!-- Generated by org.testng.reporters.JUnitReportReporter -->
<testsuite hostname="DESKTOP-GFKKN7N" failures="0" tests="37" name="com.easyserv.testcases.Motoserve.EnquiriesTest" time="156.911" errors="0" timestamp="2024-12-18T09:38:29 ICT" skipped="0">
  <testcase classname="com.easyserv.testcases.Motoserve.EnquiriesTest" name="EnquiriesTest_TC001" time="2.235"/>
  <system-out/>
  <testcase classname="com.easyserv.testcases.Motoserve.EnquiriesTest" name="EnquiriesTest_TC002" time="3.901"/>
  <system-out/>
  <testcase classname="com.easyserv.testcases.Motoserve.EnquiriesTest" name="EnquiriesTest_TC003" time="2.841"/>
  <system-out/>
  <testcase classname="com.easyserv.testcases.Motoserve.EnquiriesTest" name="EnquiriesTest_TC004" time="3.585"/>
  <system-out/>
  <testcase classname="com.easyserv.testcases.Motoserve.EnquiriesTest" name="EnquiriesTest_TC005" time="4.442"/>
  <system-out/>
  <testcase classname="com.easyserv.testcases.Motoserve.EnquiriesTest" name="EnquiriesTest_TC006" time="6.070"/>
  <system-out/>
  <testcase classname="com.easyserv.testcases.Motoserve.EnquiriesTest" name="EnquiriesTest_TC007" time="6.820"/>
  <system-out/>
  <testcase classname="com.easyserv.testcases.Motoserve.EnquiriesTest" name="EnquiriesTest_TC007" time="7.071"/>
  <system-out/>
  <testcase classname="com.easyserv.testcases.Motoserve.EnquiriesTest" name="EnquiriesTest_TC007" time="7.442"/>
  <system-out/>
  <testcase classname="com.easyserv.testcases.Motoserve.EnquiriesTest" name="EnquiriesTest_TC007" time="7.323"/>
  <system-out/>
  <testcase classname="com.easyserv.testcases.Motoserve.EnquiriesTest" name="EnquiriesTest_TC007" time="7.264"/>
  <system-out/>
  <testcase classname="com.easyserv.testcases.Motoserve.EnquiriesTest" name="EnquiriesTest_TC008" time="6.143"/>
  <system-out/>
  <testcase classname="com.easyserv.testcases.Motoserve.EnquiriesTest" name="EnquiriesTest_TC009" time="6.088"/>
  <system-out/>
  <testcase classname="com.easyserv.testcases.Motoserve.EnquiriesTest" name="EnquiriesTest_TC010" time="5.686"/>
  <system-out/>
  <testcase classname="com.easyserv.testcases.Motoserve.EnquiriesTest" name="EnquiriesTest_TC011" time="6.087"/>
  <system-out/>
  <testcase classname="com.easyserv.testcases.Motoserve.EnquiriesTest" name="EnquiriesTest_TC012" time="5.851"/>
  <system-out/>
  <testcase classname="com.easyserv.testcases.Motoserve.EnquiriesTest" name="EnquiriesTest_TC013" time="3.316"/>
  <system-out/>
  <testcase classname="com.easyserv.testcases.Motoserve.EnquiriesTest" name="EnquiriesTest_TC014" time="3.343"/>
  <system-out/>
  <testcase classname="com.easyserv.testcases.Motoserve.EnquiriesTest" name="EnquiriesTest_TC015" time="2.647"/>
  <system-out/>
  <testcase classname="com.easyserv.testcases.Motoserve.EnquiriesTest" name="EnquiriesTest_TC016" time="2.800"/>
  <system-out/>
  <testcase classname="com.easyserv.testcases.Motoserve.EnquiriesTest" name="EnquiriesTest_TC017" time="2.442"/>
  <system-out/>
  <testcase classname="com.easyserv.testcases.Motoserve.EnquiriesTest" name="EnquiriesTest_TC017" time="2.248"/>
  <system-out/>
  <testcase classname="com.easyserv.testcases.Motoserve.EnquiriesTest" name="EnquiriesTest_TC017" time="2.827"/>
  <system-out/>
  <testcase classname="com.easyserv.testcases.Motoserve.EnquiriesTest" name="EnquiriesTest_TC017" time="2.740"/>
  <system-out/>
  <testcase classname="com.easyserv.testcases.Motoserve.EnquiriesTest" name="EnquiriesTest_TC017" time="2.748"/>
  <system-out/>
  <testcase classname="com.easyserv.testcases.Motoserve.EnquiriesTest" name="EnquiriesTest_TC017" time="2.400"/>
  <system-out/>
  <testcase classname="com.easyserv.testcases.Motoserve.EnquiriesTest" name="EnquiriesTest_TC017" time="3.284"/>
  <system-out/>
  <testcase classname="com.easyserv.testcases.Motoserve.EnquiriesTest" name="EnquiriesTest_TC017" time="2.881"/>
  <system-out/>
  <testcase classname="com.easyserv.testcases.Motoserve.EnquiriesTest" name="EnquiriesTest_TC017" time="2.645"/>
  <system-out/>
  <testcase classname="com.easyserv.testcases.Motoserve.EnquiriesTest" name="EnquiriesTest_TC017" time="3.531"/>
  <system-out/>
  <testcase classname="com.easyserv.testcases.Motoserve.EnquiriesTest" name="EnquiriesTest_TC018" time="4.030"/>
  <system-out/>
  <testcase classname="com.easyserv.testcases.Motoserve.EnquiriesTest" name="EnquiriesTest_TC018" time="5.180"/>
  <system-out/>
  <testcase classname="com.easyserv.testcases.Motoserve.EnquiriesTest" name="EnquiriesTest_TC018" time="3.757"/>
  <system-out/>
  <testcase classname="com.easyserv.testcases.Motoserve.EnquiriesTest" name="EnquiriesTest_TC018" time="4.227"/>
  <system-out/>
  <testcase classname="com.easyserv.testcases.Motoserve.EnquiriesTest" name="EnquiriesTest_TC018" time="4.320"/>
  <system-out/>
  <testcase classname="com.easyserv.testcases.Motoserve.EnquiriesTest" name="EnquiriesTest_TC018" time="3.999"/>
  <system-out/>
  <testcase classname="com.easyserv.testcases.Motoserve.EnquiriesTest" name="EnquiriesTest_TC019" time="2.697"/>
  <system-out/>
</testsuite> <!-- com.easyserv.testcases.Motoserve.EnquiriesTest -->
