<?xml version="1.0" encoding="UTF-8"?>
<!-- Generated by org.testng.reporters.JUnitReportReporter -->
<testsuite hostname="DESKTOP-GFKKN7N" failures="0" tests="31" name="com.easyserv.testcases.Motoserve.ResetPasswordTest" time="177.403" errors="0" timestamp="2024-12-18T09:38:29 ICT" skipped="0">
  <testcase classname="com.easyserv.testcases.Motoserve.ResetPasswordTest" name="ResetPasswordTest_TC001" time="5.164"/>
  <system-out/>
  <testcase classname="com.easyserv.testcases.Motoserve.ResetPasswordTest" name="ResetPasswordTest_TC002" time="5.396"/>
  <system-out/>
  <testcase classname="com.easyserv.testcases.Motoserve.ResetPasswordTest" name="ResetPasswordTest_TC003" time="5.280"/>
  <system-out/>
  <testcase classname="com.easyserv.testcases.Motoserve.ResetPasswordTest" name="ResetPasswordTest_TC004" time="5.781"/>
  <system-out/>
  <testcase classname="com.easyserv.testcases.Motoserve.ResetPasswordTest" name="ResetPasswordTest_TC005" time="4.953"/>
  <system-out/>
  <testcase classname="com.easyserv.testcases.Motoserve.ResetPasswordTest" name="ResetPasswordTest_TC006" time="6.043"/>
  <system-out/>
  <testcase classname="com.easyserv.testcases.Motoserve.ResetPasswordTest" name="ResetPasswordTest_TC007" time="5.272"/>
  <system-out/>
  <testcase classname="com.easyserv.testcases.Motoserve.ResetPasswordTest" name="ResetPasswordTest_TC008" time="5.704"/>
  <system-out/>
  <testcase classname="com.easyserv.testcases.Motoserve.ResetPasswordTest" name="ResetPasswordTest_TC009" time="5.984"/>
  <system-out/>
  <testcase classname="com.easyserv.testcases.Motoserve.ResetPasswordTest" name="ResetPasswordTest_TC010" time="7.018"/>
  <system-out/>
  <testcase classname="com.easyserv.testcases.Motoserve.ResetPasswordTest" name="ResetPasswordTest_TC011" time="6.280"/>
  <system-out/>
  <testcase classname="com.easyserv.testcases.Motoserve.ResetPasswordTest" name="ResetPasswordTest_TC012" time="25.707"/>
  <system-out/>
  <testcase classname="com.easyserv.testcases.Motoserve.ResetPasswordTest" name="ResetPasswordTest_TC013" time="5.056"/>
  <system-out/>
  <testcase classname="com.easyserv.testcases.Motoserve.ResetPasswordTest" name="ResetPasswordTest_TC014" time="5.502"/>
  <system-out/>
  <testcase classname="com.easyserv.testcases.Motoserve.ResetPasswordTest" name="ResetPasswordTest_TC015" time="3.543"/>
  <system-out/>
  <testcase classname="com.easyserv.testcases.Motoserve.ResetPasswordTest" name="ResetPasswordTest_TC015" time="4.395"/>
  <system-out/>
  <testcase classname="com.easyserv.testcases.Motoserve.ResetPasswordTest" name="ResetPasswordTest_TC015" time="3.904"/>
  <system-out/>
  <testcase classname="com.easyserv.testcases.Motoserve.ResetPasswordTest" name="ResetPasswordTest_TC015" time="3.888"/>
  <system-out/>
  <testcase classname="com.easyserv.testcases.Motoserve.ResetPasswordTest" name="ResetPasswordTest_TC016" time="4.328"/>
  <system-out/>
  <testcase classname="com.easyserv.testcases.Motoserve.ResetPasswordTest" name="ResetPasswordTest_TC017" time="4.027"/>
  <system-out/>
  <testcase classname="com.easyserv.testcases.Motoserve.ResetPasswordTest" name="ResetPasswordTest_TC018" time="3.737"/>
  <system-out/>
  <testcase classname="com.easyserv.testcases.Motoserve.ResetPasswordTest" name="ResetPasswordTest_TC018" time="3.698"/>
  <system-out/>
  <testcase classname="com.easyserv.testcases.Motoserve.ResetPasswordTest" name="ResetPasswordTest_TC018" time="3.693"/>
  <system-out/>
  <testcase classname="com.easyserv.testcases.Motoserve.ResetPasswordTest" name="ResetPasswordTest_TC018" time="3.977"/>
  <system-out/>
  <testcase classname="com.easyserv.testcases.Motoserve.ResetPasswordTest" name="ResetPasswordTest_TC019" time="6.814"/>
  <system-out/>
  <testcase classname="com.easyserv.testcases.Motoserve.ResetPasswordTest" name="ResetPasswordTest_TC020" time="4.758"/>
  <system-out/>
  <testcase classname="com.easyserv.testcases.Motoserve.ResetPasswordTest" name="ResetPasswordTest_TC021" time="4.611"/>
  <system-out/>
  <testcase classname="com.easyserv.testcases.Motoserve.ResetPasswordTest" name="ResetPasswordTest_TC022" time="4.607"/>
  <system-out/>
  <testcase classname="com.easyserv.testcases.Motoserve.ResetPasswordTest" name="ResetPasswordTest_TC023" time="4.426"/>
  <system-out/>
  <testcase classname="com.easyserv.testcases.Motoserve.ResetPasswordTest" name="ResetPasswordTest_TC024" time="7.071"/>
  <system-out/>
  <testcase classname="com.easyserv.testcases.Motoserve.ResetPasswordTest" name="ResetPasswordTest_TC025" time="6.786"/>
  <system-out/>
</testsuite> <!-- com.easyserv.testcases.Motoserve.ResetPasswordTest -->
